<?xml version="1.0" encoding="UTF-8"?>
<testng-results ignored="0" total="1" passed="1" failed="0" skipped="0">
  <reporter-output>
  </reporter-output>
  <suite started-at="2023-11-28T20:05:59 IST" name="Default Suite" finished-at="2023-11-28T20:06:03 IST" duration-ms="4125">
    <groups>
    </groups>
    <test started-at="2023-11-28T20:05:59 IST" name="MoviesApp" finished-at="2023-11-28T20:06:03 IST" duration-ms="4125">
      <class name="LoginpageTest.SearchmoviepageTest">
        <test-method is-config="true" signature="setup()[pri:0, instance:LoginpageTest.SearchmoviepageTest@8909f18]" started-at="2023-11-28T20:05:59 IST" name="setup" finished-at="2023-11-28T20:06:01 IST" duration-ms="1855" status="PASS">
          <reporter-output>
          </reporter-output>
        </test-method> <!-- setup -->
        <test-method signature="searchin_movies()[pri:1, instance:LoginpageTest.SearchmoviepageTest@8909f18]" started-at="2023-11-28T20:06:01 IST" name="searchin_movies" finished-at="2023-11-28T20:06:03 IST" duration-ms="2208" status="PASS">
          <reporter-output>
          </reporter-output>
        </test-method> <!-- searchin_movies -->
        <test-method is-config="true" signature="teardown()[pri:0, instance:LoginpageTest.SearchmoviepageTest@8909f18]" started-at="2023-11-28T20:06:03 IST" name="teardown" finished-at="2023-11-28T20:06:03 IST" duration-ms="1" status="PASS">
          <reporter-output>
          </reporter-output>
        </test-method> <!-- teardown -->
      </class> <!-- LoginpageTest.SearchmoviepageTest -->
    </test> <!-- MoviesApp -->
  </suite> <!-- Default Suite -->
</testng-results>
