<?xml version="1.0" encoding="UTF-8"?>
<testng-results ignored="1" total="2" passed="1" failed="0" skipped="0">
  <reporter-output>
  </reporter-output>
  <suite started-at="2023-11-28T22:08:36 IST" name="Default Suite" finished-at="2023-11-28T22:08:40 IST" duration-ms="3646">
    <groups>
    </groups>
    <test started-at="2023-11-28T22:08:36 IST" name="MoviesApp" finished-at="2023-11-28T22:08:40 IST" duration-ms="3646">
      <class name="LoginpageTest.AccountpageTest">
        <test-method is-config="true" signature="setup()[pri:0, instance:LoginpageTest.AccountpageTest@1460a8c0]" started-at="2023-11-28T22:08:36 IST" name="setup" finished-at="2023-11-28T22:08:38 IST" duration-ms="1867" status="PASS">
          <reporter-output>
          </reporter-output>
        </test-method> <!-- setup -->
        <test-method signature="UI_element_webpage()[pri:2, instance:LoginpageTest.AccountpageTest@1460a8c0]" started-at="2023-11-28T22:08:38 IST" name="UI_element_webpage" finished-at="2023-11-28T22:08:40 IST" duration-ms="1441" status="PASS">
          <reporter-output>
          </reporter-output>
        </test-method> <!-- UI_element_webpage -->
        <test-method is-config="true" signature="teardown()[pri:0, instance:LoginpageTest.AccountpageTest@1460a8c0]" started-at="2023-11-28T22:08:40 IST" name="teardown" finished-at="2023-11-28T22:08:40 IST" duration-ms="274" status="PASS">
          <reporter-output>
          </reporter-output>
        </test-method> <!-- teardown -->
      </class> <!-- LoginpageTest.AccountpageTest -->
    </test> <!-- MoviesApp -->
  </suite> <!-- Default Suite -->
</testng-results>
